<?xml version="1.0" encoding="UTF-8"?>
<!-- Generated by org.testng.reporters.JUnitReportReporter -->
<testsuite hostname="DESKTOP-3FO53C9" failures="0" tests="3" name="com.orange.TestCases.ContactPageTest" time="64.394" errors="0" timestamp="2022-11-21T21:07:44 IST" skipped="0">
  <testcase classname="com.orange.TestCases.ContactPageTest" name="contactPageVerify" time="20.590"/>
  <testcase classname="com.orange.TestCases.ContactPageTest" name="contactPageVerify" time="19.440"/>
  <testcase classname="com.orange.TestCases.ContactPageTest" name="contactPageVerify" time="24.364"/>
</testsuite> <!-- com.orange.TestCases.ContactPageTest -->
