<?xml version="1.0" encoding="UTF-8"?>
<!-- Generated by org.testng.reporters.JUnitXMLReporter -->
<testsuite ignored="0" hostname="DESKTOP-3FO53C9" failures="0" tests="4" name="Test1" time="0.088" errors="0" timestamp="2022-12-07T14:48:15 IST">
  <testcase classname="com.orange.Pages.IndexPage" name="firsttest" time="0.018"/>
  <testcase classname="com.orange.Pages.IndexPage" name="firsttest" time="0.018"/>
  <testcase classname="com.orange.Pages.IndexPage" name="secondTest" time="0.002"/>
  <testcase classname="com.orange.Pages.IndexPage" name="secondTest" time="0.01"/>
</testsuite> <!-- Test1 -->
