<?xml version="1.0" encoding="UTF-8"?>
<!-- Generated by org.testng.reporters.JUnitXMLReporter -->
<testsuite ignored="3" hostname="DESKTOP-3FO53C9" failures="0" tests="1" name="Test" time="0.084" errors="0" timestamp="2022-12-07T14:59:33 IST">
  <testcase classname="com.orange.Pages.IndexPage" name="firsttest" time="0.018"/>
  <testcase classname="com.orange.Pages.LoginPage" name="secondTest2" time="0.0">
    <ignored/>
  </testcase> <!-- secondTest2 -->
  <testcase classname="com.orange.Pages.IndexPage" name="secondTest" time="0.0">
    <ignored/>
  </testcase> <!-- secondTest -->
  <testcase classname="com.orange.Pages.LoginPage" name="firsttest1" time="0.0">
    <ignored/>
  </testcase> <!-- firsttest1 -->
</testsuite> <!-- Test -->
