<?xml version="1.0" encoding="UTF-8"?>
<testng-results ignored="0" total="2" passed="1" failed="1" skipped="0">
  <reporter-output>
  </reporter-output>
  <suite started-at="2022-12-07T15:04:58 IST" name="Default suite" finished-at="2022-12-07T15:04:58 IST" duration-ms="107">
    <groups>
      <group name="functional">
        <method signature="IndexPage.firsttest()[pri:0, instance:com.orange.Pages.IndexPage@87a85e1]" name="firsttest" class="com.orange.Pages.IndexPage"/>
      </group> <!-- functional -->
      <group name="smoke">
        <method signature="IndexPage.firsttest()[pri:0, instance:com.orange.Pages.IndexPage@87a85e1]" name="firsttest" class="com.orange.Pages.IndexPage"/>
      </group> <!-- smoke -->
      <group name="sanity">
        <method signature="IndexPage.firsttest()[pri:0, instance:com.orange.Pages.IndexPage@87a85e1]" name="firsttest" class="com.orange.Pages.IndexPage"/>
      </group> <!-- sanity -->
    </groups>
    <test started-at="2022-12-07T15:04:58 IST" name="Default test" finished-at="2022-12-07T15:04:58 IST" duration-ms="107">
      <class name="com.orange.Pages.IndexPage">
        <test-method signature="firsttest()[pri:0, instance:com.orange.Pages.IndexPage@87a85e1]" started-at="2022-12-07T15:04:58 IST" name="firsttest" finished-at="2022-12-07T15:04:58 IST" duration-ms="22" status="FAIL">
          <exception class="java.lang.AssertionError">
            <message>
              <![CDATA[null]]>
            </message>
            <full-stacktrace>
              <![CDATA[java.lang.AssertionError: null
at org.testng.Assert.fail(Assert.java:97)
at org.testng.Assert.fail(Assert.java:102)
at com.orange.Pages.IndexPage.firsttest(IndexPage.java:14)
at java.base/jdk.internal.reflect.NativeMethodAccessorImpl.invoke0(Native Method)
at java.base/jdk.internal.reflect.NativeMethodAccessorImpl.invoke(NativeMethodAccessorImpl.java:77)
at java.base/jdk.internal.reflect.DelegatingMethodAccessorImpl.invoke(DelegatingMethodAccessorImpl.java:43)
at java.base/java.lang.reflect.Method.invoke(Method.java:568)
at org.testng.internal.MethodInvocationHelper.invokeMethod(MethodInvocationHelper.java:133)
at org.testng.internal.TestInvoker.invokeMethod(TestInvoker.java:584)
at org.testng.internal.TestInvoker.invokeTestMethod(TestInvoker.java:172)
at org.testng.internal.MethodRunner.runInSequence(MethodRunner.java:46)
at org.testng.internal.TestInvoker$MethodInvocationAgent.invoke(TestInvoker.java:804)
at org.testng.internal.TestInvoker.invokeTestMethods(TestInvoker.java:145)
at org.testng.internal.TestMethodWorker.invokeTestMethods(TestMethodWorker.java:146)
at org.testng.internal.TestMethodWorker.run(TestMethodWorker.java:128)
at java.base/java.util.ArrayList.forEach(ArrayList.java:1511)
at org.testng.TestRunner.privateRun(TestRunner.java:770)
at org.testng.TestRunner.run(TestRunner.java:591)
at org.testng.SuiteRunner.runTest(SuiteRunner.java:402)
at org.testng.SuiteRunner.runSequentially(SuiteRunner.java:396)
at org.testng.SuiteRunner.privateRun(SuiteRunner.java:355)
at org.testng.SuiteRunner.run(SuiteRunner.java:304)
at org.testng.SuiteRunnerWorker.runSuite(SuiteRunnerWorker.java:53)
at org.testng.SuiteRunnerWorker.run(SuiteRunnerWorker.java:96)
at org.testng.TestNG.runSuitesSequentially(TestNG.java:1180)
at org.testng.TestNG.runSuitesLocally(TestNG.java:1102)
at org.testng.TestNG.runSuites(TestNG.java:1032)
at org.testng.TestNG.run(TestNG.java:1000)
at org.testng.remote.AbstractRemoteTestNG.run(AbstractRemoteTestNG.java:115)
at org.testng.remote.RemoteTestNG.initAndRun(RemoteTestNG.java:251)
at org.testng.remote.RemoteTestNG.main(RemoteTestNG.java:77)
]]>
            </full-stacktrace>
          </exception> <!-- java.lang.AssertionError -->
          <reporter-output>
          </reporter-output>
        </test-method> <!-- firsttest -->
        <test-method signature="secondTest()[pri:0, instance:com.orange.Pages.IndexPage@87a85e1]" started-at="2022-12-07T15:04:58 IST" name="secondTest" finished-at="2022-12-07T15:04:58 IST" depends-on-methods="com.orange.Pages.IndexPage.firsttest" duration-ms="2" status="PASS">
          <reporter-output>
          </reporter-output>
        </test-method> <!-- secondTest -->
      </class> <!-- com.orange.Pages.IndexPage -->
    </test> <!-- Default test -->
  </suite> <!-- Default suite -->
</testng-results>
